<?xml version="1.0" encoding="UTF-8"?>
<beans xmlns="http://www.springframework.org/schema/beans"
       xmlns:xsi="http://www.w3.org/2001/XMLSchema-instance"
       xmlns:tx="http://www.springframework.org/schema/tx"
       xsi:schemaLocation="http://www.springframework.org/schema/beans
                          http://www.springframework.org/schema/beans/spring-beans-3.0.xsd
                          http://www.springframework.org/schema/tx
                          http://www.springframework.org/schema/tx/spring-tx-3.0.xsd">

    <tx:annotation-driven/>

    <bean id="transactionManager" class="org.springframework.jdbc.datasource.DataSourceTransactionManager">
        <property name="dataSource" ref="dataSource"/>
    </bean>

    <bean id="dataSource" class="org.springframework.jdbc.datasource.SimpleDriverDataSource">
        <property name="driverClass" value="org.mariadb.jdbc.Driver"/>
        <property name="url" value="jdbc:mariadb://localhost/spring_test_dev"/>
        <property name="username" value="root"/>
        <property name="password" value="1234"/>
    </bean>

    <bean id="userService" class="jun.spring.ch7.user.service.UserServiceImpl">
        <property name="userDao" ref="userDao"/>
        <property name="mailSender" ref="mailSender"/>
    </bean>

    <bean id="testUserService" class="ch7.UserServiceTest$TestUserService" parent="userService"/>

    <bean id="userDao" class="jun.spring.ch7.user.dao.UserDaoJdbc">
        <property name="sqlService" ref="sqlService"/>
        <property name="dataSource" ref="dataSource"/>
    </bean>

    <bean id="sqlService" class="jun.spring.ch7.user.sqlservice.SimpleSqlService">
        <property name="sqlMap">
            <map>
                <entry key="userAdd" value="insert into users(id, name, password, level,  login, recommend, email) values(?,?,?,?,?,?,?)"/>
                <entry key="userDeleteAll" value="delete from users"/>
                <entry key="userGet" value="select * from users where id = ?"/>
                <entry key="userCount" value="select count(*) from users"/>
                <entry key="userUpdate" value="update users set name = ?, password = ?, level = ?, login = ?, recommend = ?, email = ? where id = ?"/>
                <entry key="userGetAll" value="select * from users order by id"/>
            </map>
        </property>
    </bean>

    <bean id="mailSender" class="ch6.DummyMailSender"/>

</beans>