<?xml version="1.0" encoding="UTF-8"?>
<!-- DTD 설정-->
<!--<!DOCTYPE beans PUBLIC "-//SPRING//DTD BEAN 2.0//EN" "http://www.springframework.org/dtd/spring-beans-2.0.dtd">-->
<!-- Schema 설정 -->
<!-- 특별한 이유가 없다면 DTD보다는 스키마를 사용 (1. 로컬 네임스페이스 사용, 2. 상속 확장 등에 용이)-->
<beans xmlns="http://www.springframework.org/schema/beans"
       xmlns:xsi="http://www.w3.org/2001/XMLSchema-instance"
       xmlns:aop="http://www.springframework.org/schema/aop"
       xmlns:tx="http://www.springframework.org/schema/tx"
       xsi:schemaLocation="http://www.springframework.org/schema/beans
                          http://www.springframework.org/schema/beans/spring-beans-3.0.xsd
                          http://www.springframework.org/schema/aop
                          http://www.springframework.org/schema/aop/spring-aop-3.0.xsd
                          http://www.springframework.org/schema/tx
                          http://www.springframework.org/schema/tx/spring-tx-3.0.xsd">

    <tx:annotation-driven/>

    <!--<aop:config>-->
        <!--<aop:advisor advice-ref="transactionAdvice" pointcut="bean(*Service)"/>-->
    <!--</aop:config>-->

    <!--<tx:advice id="transactionAdvice">-->
        <!--<tx:attributes>-->
            <!--<tx:method name="get*" read-only="true" />-->
            <!--<tx:method name="*"/>-->
        <!--</tx:attributes>-->
    <!--</tx:advice>-->

    <bean id="transactionManager" class="org.springframework.jdbc.datasource.DataSourceTransactionManager">
        <property name="dataSource" ref="dataSource"/>
    </bean>

    <bean id="dataSource" class="org.springframework.jdbc.datasource.SimpleDriverDataSource">
        <property name="driverClass" value="org.mariadb.jdbc.Driver"/>
        <property name="url" value="jdbc:mariadb://localhost/spring_test_dev"/>
        <property name="username" value="root"/>
        <property name="password" value="1234"/>
    </bean>

    <!--<aop:config>-->
        <!--<aop:pointcut id="transactionPointcut" expression="execution(* *..*ServiceImpl.upgrade*(..))"/>-->
        <!--<aop:advisor advice-ref="transactionAdvice" pointcut-ref="transactionPointcut"/>-->
    <!--</aop:config>-->

    <!--<aop:config>-->
        <!--<aop:advisor advice-ref="transactionAdvice" pointcut="execution(* *..*ServiceImpl.upgrade*(..))"/>-->
    <!--</aop:config>-->

    <!--<bean class="org.springframework.aop.framework.autoproxy.DefaultAdvisorAutoProxyCreator"/>-->

    <!--<tx:advice id="transactionAdvice" transaction-manager="transactionManager">-->
        <!--<tx:attributes>-->
            <!--<tx:method name="get*" propagation="REQUIRED"  read-only="true" timeout="30"/>-->
            <!--<tx:method name="upgrade*" propagation="REQUIRES_NEW" isolation="SERIALIZABLE"/>-->
            <!--<tx:method name="*" propagation="REQUIRED"/>-->
        <!--</tx:attributes>-->
    <!--</tx:advice>-->

    <!--<bean id="transactionAdvice" class="org.springframework.transaction.interceptor.TransactionInterceptor">-->
        <!--<property name="transactionManager" ref="transactionManager"/>-->
        <!--<property name="transactionAttributes">-->
            <!--<props>-->
                <!--<prop key="get*">PROPAGATION_REQUIRED,readOnly,timeout_30</prop>-->
                <!--<prop key="upgrade*">PROPAGATION_REQUIRES_NEW,ISOLATION_SERIALIZABLE</prop>-->
                <!--<prop key="*">PROPAGATION_REQUIRED</prop>-->
            <!--</props>-->
        <!--</property>-->
    <!--</bean>-->

    <!--<bean id="transactionAdvice" class="jun.spring.ch6.proxy.TransactionAdvice">-->
        <!--<property name="transactionManager" ref="transactionManager"/>-->
    <!--</bean>-->

    <!--<bean id="transactionPointcut" class="org.springframework.aop.aspectj.AspectJExpressionPointcut">-->
        <!--<property name="expression" value="execution(* *..*ServiceImpl.upgrade*(..))"/>-->
    <!--</bean>-->

    <!--<bean id="transactionPointcut" class="jun.spring.ch6.proxy.NameMatchClassMethodPointcut">-->
        <!--<property name="mappedClassName" value="*ServiceImpl"/>-->
        <!--<property name="mappedName" value="upgrade*"/>-->
    <!--</bean>-->

    <!--<bean id="transactionAdvisor" class="org.springframework.aop.support.DefaultPointcutAdvisor">-->
        <!--<property name="advice" ref="transactionAdvice"/>-->
        <!--<property name="pointcut" ref="transactionPointcut"/>-->
    <!--</bean>-->

    <!--<bean id="userService" class="org.springframework.aop.framework.ProxyFactoryBean">-->
        <!--<property name="target" ref="userServiceImpl"/>-->
        <!--<property name="interceptorNames">-->
            <!--<list>-->
                <!--<value>transactionAdvisor</value>-->
            <!--</list>-->
        <!--</property>-->
    <!--</bean>-->

    <!--<bean id="userService" class="jun.spring.ch6.service.UserServiceTx">-->
        <!--<property name="userService" ref="userServiceImpl"/>-->
        <!--<property name="transactionManager" ref="transactionManager"/>-->
    <!--</bean>-->

    <!--<bean id="userService" class="jun.spring.ch6.factoryBean.TxProxyFactoryBean">-->
        <!--<property name="target" ref="userServiceImpl"/>-->
        <!--<property name="transactionManager" ref="transactionManager"/>-->
        <!--<property name="pattern" value="upgradeLevels"/>-->
        <!--<property name="serviceInterface" value="jun.spring.ch6.service.UserService"/>-->
    <!--</bean>-->

    <bean id="userService" class="jun.spring.ch6.service.UserServiceImpl">
        <property name="userDao" ref="userDao"/>
        <property name="mailSender" ref="mailSender"/>
    </bean>

    <bean id="testUserService" class="v6.UserServiceTest$TestUserService" parent="userService"/>

    <!--<bean id="userServiceImpl" class="jun.spring.ch6.service.UserServiceImpl">-->
        <!--<property name="userDao" ref="userDao"/>-->
        <!--<property name="mailSender" ref="mailSender"/>-->
    <!--</bean>-->

    <bean id="userLevelUpgradePolicy" class="jun.spring.ch6.service.UserLevelUpgradePolicyImpl">
        <property name="userDao" ref="userDao"/>
    </bean>

    <bean id="userDao" class="jun.spring.ch6.dao.UserDaoJdbc">
        <property name="dataSource" ref="dataSource"/>
    </bean>

    <bean id="mailSender" class="v6.DummyMailSender"/>

</beans>