<?xml version="1.0" encoding="UTF-8"?>
<beans xmlns="http://www.springframework.org/schema/beans"
       xmlns:xsi="http://www.w3.org/2001/XMLSchema-instance"
       xmlns:aop="http://www.springframework.org/schema/aop"
       xmlns:jdbc="http://www.springframework.org/schema/jdbc"
       xmlns:context="http://www.springframework.org/schema/context"
       xmlns:tx="http://www.springframework.org/schema/tx"
       xsi:schemaLocation="http://www.springframework.org/schema/beans
                          http://www.springframework.org/schema/beans/spring-beans-3.0.xsd
                          http://www.springframework.org/schema/aop
                          http://www.springframework.org/schema/aop/spring-aop-3.0.xsd
                          http://www.springframework.org/schema/jdbc
                          http://www.springframework.org/schema/jdbc/spring-jdbc-3.0.xsd
                          http://www.springframework.org/schema/context
                          http://www.springframework.org/schema/context/spring-context-3.0.xsd
                          http://www.springframework.org/schema/tx
                          http://www.springframework.org/schema/tx/spring-tx-3.0.xsd">

    <tx:annotation-driven/>

    <context:annotation-config/>

    <bean id="transactionManager" class="org.springframework.jdbc.datasource.DataSourceTransactionManager">
        <property name="dataSource" ref="dataSource"/>
    </bean>

    <bean id="dataSource" class="org.springframework.jdbc.datasource.SimpleDriverDataSource">
        <property name="driverClass" value="org.mariadb.jdbc.Driver"/>
        <property name="url" value="jdbc:mariadb://localhost/spring_test_dev"/>
        <property name="username" value="root"/>
        <property name="password" value="1234"/>
    </bean>

    <bean id="userService" class="jun.spring.ch7.user.service.UserServiceImpl">
        <property name="userDao" ref="userDao"/>
        <property name="mailSender" ref="mailSender"/>
    </bean>

    <bean id="testUserService" class="ch7.UserServiceTest$TestUserService" parent="userService"/>

    <bean id="userDao" class="jun.spring.ch7.user.dao.UserDaoJdbc">
        <property name="sqlService" ref="sqlService"/>
        <property name="dataSource" ref="dataSource"/>
    </bean>

    <bean id="sqlService" class="jun.spring.ch7.user.sqlservice.OxmSqlService">
        <property name="unmarshaller" ref="unmarshaller"/>
        <property name="sqlRegistry" ref="sqlRegistry"/>
    </bean>

    <bean id="sqlRegistry" class="jun.spring.ch7.user.sqlservice.registry.EmbeddedDbSqlRegistry">
        <property name="dataSource" ref="embeddedDatabase"/>
    </bean>

    <!--<bean id="sqlRegistry" class="jun.spring.ch7.user.sqlservice.registry.ConcurrentHashMapSqlRegistry"/>-->

    <bean id="sqlAdminService" class="jun.spring.ch7.user.sqlservice.SqlAdminService">
        <property name="updatableSqlRegistry" ref="sqlRegistry"/>
    </bean>

    <bean id="unmarshaller" class="org.springframework.oxm.jaxb.Jaxb2Marshaller">
        <property name="contextPath" value="jun.spring.ch7.user.sqlservice.jaxb"/>
    </bean>

    <jdbc:embedded-database id="embeddedDatabase" type="HSQL">
        <jdbc:script location="classpath:sqlRegistrySchema.sql"/>
    </jdbc:embedded-database>

    <!--<bean id="sqlReader" class="jun.spring.ch7.user.sqlservice.reader.JaxbXmlSqlReader">-->
        <!--<property name="sqlmapFile" value="/jaxb/sqlmap.xml"/>-->
    <!--</bean>-->

    <!--<bean id="sqlRegistry" class="jun.spring.ch7.user.sqlservice.registry.HashMapSqlRegistry"/>-->

    <bean id="mailSender" class="ch6.DummyMailSender"/>

</beans>